<?xml version="1.0" encoding="UTF-8"?>
<testng-results ignored="0" total="1" passed="1" failed="0" skipped="0">
  <reporter-output>
  </reporter-output>
  <suite started-at="2022-02-23T12:02:50 IST" name="Default suite" finished-at="2022-02-23T12:03:02 IST" duration-ms="12104">
    <groups>
    </groups>
    <test started-at="2022-02-23T12:02:50 IST" name="Default test" finished-at="2022-02-23T12:03:02 IST" duration-ms="12104">
      <class name="Tests.DemoTest">
        <test-method signature="flightTest()[pri:0, instance:Tests.DemoTest@3232a28a]" started-at="2022-02-23T12:02:50 IST" name="flightTest" finished-at="2022-02-23T12:03:02 IST" duration-ms="12075" status="PASS">
          <reporter-output>
          </reporter-output>
        </test-method> <!-- flightTest -->
      </class> <!-- Tests.DemoTest -->
    </test> <!-- Default test -->
  </suite> <!-- Default suite -->
</testng-results>
